<?xml version="1.0" encoding="UTF-8"?>
<coverage generated="1613186472">
  <project timestamp="1613186472">
    <package name="App\Controller">
      <file name="/home/tineo/dtodoweb/src/Controller/LuckyController.php">
        <class name="App\Controller\LuckyController" namespace="App\Controller">
          <metrics complexity="1" methods="1" coveredmethods="0" conditionals="0" coveredconditionals="0" statements="3" coveredstatements="0" elements="4" coveredelements="0"/>
        </class>
        <line num="12" type="method" name="number" visibility="public" complexity="1" crap="2" count="0"/>
        <line num="14" type="stmt" count="0"/>
        <line num="16" type="stmt" count="0"/>
        <line num="17" type="stmt" count="0"/>
        <metrics loc="19" ncloc="17" classes="1" methods="1" coveredmethods="0" conditionals="0" coveredconditionals="0" statements="3" coveredstatements="0" elements="4" coveredelements="0"/>
      </file>
    </package>
    <package name="App">
      <file name="/home/tineo/dtodoweb/src/Kernel.php">
        <class name="App\Kernel" namespace="App">
          <metrics complexity="6" methods="2" coveredmethods="0" conditionals="0" coveredconditionals="0" statements="15" coveredstatements="0" elements="17" coveredelements="0"/>
        </class>
        <line num="14" type="method" name="configureContainer" visibility="protected" complexity="3" crap="12" count="0"/>
        <line num="16" type="stmt" count="0"/>
        <line num="17" type="stmt" count="0"/>
        <line num="19" type="stmt" count="0"/>
        <line num="20" type="stmt" count="0"/>
        <line num="21" type="stmt" count="0"/>
        <line num="22" type="stmt" count="0"/>
        <line num="23" type="stmt" count="0"/>
        <line num="25" type="stmt" count="0"/>
        <line num="27" type="method" name="configureRoutes" visibility="protected" complexity="3" crap="12" count="0"/>
        <line num="29" type="stmt" count="0"/>
        <line num="30" type="stmt" count="0"/>
        <line num="32" type="stmt" count="0"/>
        <line num="33" type="stmt" count="0"/>
        <line num="34" type="stmt" count="0"/>
        <line num="35" type="stmt" count="0"/>
        <line num="37" type="stmt" count="0"/>
        <metrics loc="38" ncloc="38" classes="1" methods="2" coveredmethods="0" conditionals="0" coveredconditionals="0" statements="15" coveredstatements="0" elements="17" coveredelements="0"/>
      </file>
    </package>
    <package name="App\Util">
      <file name="/home/tineo/dtodoweb/src/Util/Calculator.php">
        <class name="App\Util\Calculator" namespace="App\Util">
          <metrics complexity="1" methods="1" coveredmethods="1" conditionals="0" coveredconditionals="0" statements="1" coveredstatements="1" elements="2" coveredelements="2"/>
        </class>
        <line num="6" type="method" name="add" visibility="public" complexity="1" crap="1" count="1"/>
        <line num="8" type="stmt" count="1"/>
        <metrics loc="9" ncloc="9" classes="1" methods="1" coveredmethods="1" conditionals="0" coveredconditionals="0" statements="1" coveredstatements="1" elements="2" coveredelements="2"/>
      </file>
    </package>
    <metrics files="3" loc="66" ncloc="64" classes="3" methods="4" coveredmethods="1" conditionals="0" coveredconditionals="0" statements="19" coveredstatements="1" elements="23" coveredelements="2"/>
  </project>
</coverage>
